<?xml version="1.0" encoding="UTF-8"?>
<!-- Generated by org.testng.reporters.JUnitReportReporter -->
<testsuite hostname="Shritik_Sharma" failures="0" tests="1" name="automationPractice.testcases.ViewCartBrandProducts" time="0.015" errors="0" timestamp="2025-05-31T16:44:52 IST" skipped="0">
  <testcase classname="automationPractice.testcases.ViewCartBrandProducts" name="viewCartBrandProducts" time="0.015"/>
</testsuite> <!-- automationPractice.testcases.ViewCartBrandProducts -->
