<?xml version="1.0" encoding="UTF-8"?>
<!-- Generated by org.testng.reporters.JUnitReportReporter -->
<testsuite hostname="Shritik_Sharma" failures="0" tests="1" name="automationPractice.testcases.LoginFailed" time="2.454" errors="0" timestamp="2025-05-30T01:26:45 IST" skipped="0">
  <testcase classname="automationPractice.testcases.LoginFailed" name="loginWithInCorrectEmailnPass" time="2.454"/>
</testsuite> <!-- automationPractice.testcases.LoginFailed -->
