<?xml version="1.0" encoding="UTF-8"?>
<!-- Generated by org.testng.reporters.JUnitReportReporter -->
<testsuite hostname="Shritik_Sharma" failures="0" tests="3" name="automationPractice.testcases.LoginTestCase" time="4.076" errors="0" timestamp="2025-05-30T01:26:45 IST" skipped="1">
  <testcase classname="automationPractice.testcases.LoginTestCase" name="RegisterUser" time="1.175"/>
  <testcase classname="automationPractice.testcases.LoginTestCase" name="RegisterUserWithExistingEmail" time="2.901"/>
  <testcase classname="automationPractice.testcases.LoginTestCase" name="createAccountForm">
    <skipped/>
  </testcase> <!-- createAccountForm -->
</testsuite> <!-- automationPractice.testcases.LoginTestCase -->
