<?xml version="1.0" encoding="UTF-8"?>
<!-- Generated by org.testng.reporters.JUnitReportReporter -->
<testsuite hostname="Shritik_Sharma" failures="0" tests="1" name="automationPractice.base.LoginFailed" time="2.981" errors="0" timestamp="2025-05-14T00:47:18 IST" skipped="0">
  <testcase classname="automationPractice.base.LoginFailed" name="loginWithInCorrectEmailnPass" time="2.981"/>
  <system-out>
    <![CDATA[Click to see screenshot
<a target = "_blank" href=Wed_May_14_00_46_21_IST_2025.jpg >Screenshot</a>
<br>
<br>
<a target = "_blank" href=Wed_May_14_00_46_21_IST_2025.jpg ><img src=Wed_May_14_00_46_21_IST_2025.jpg height =200 width = 200></img></a>
Click to see screenshot
<a target = "_blank" href=Wed_May_14_00_46_26_IST_2025.jpg >Screenshot</a>
<br>
<br>
<a target = "_blank" href=Wed_May_14_00_46_26_IST_2025.jpg ><img src=Wed_May_14_00_46_26_IST_2025.jpg height =200 width = 200></img></a>
Click to see screenshot
<a target = "_blank" href=Wed_May_14_00_47_07_IST_2025.jpg >Screenshot</a>
<br>
<br>
<a target = "_blank" href=Wed_May_14_00_47_07_IST_2025.jpg ><img src=Wed_May_14_00_47_07_IST_2025.jpg height =200 width = 200></img></a>]]>
  </system-out>
</testsuite> <!-- automationPractice.base.LoginFailed -->
