<?xml version="1.0" encoding="UTF-8"?>
<!-- Generated by org.testng.reporters.JUnitReportReporter -->
<testsuite hostname="Shritik_Sharma" failures="0" tests="1" name="automationPractice.base.Subscription" time="2.206" errors="0" timestamp="2025-05-15T21:37:56 IST" skipped="0">
  <testcase classname="automationPractice.base.Subscription" name="subscriptionHomePage" time="2.206"/>
</testsuite> <!-- automationPractice.base.Subscription -->
